{
    "G:\\Programming\\WorldDevs\\github-actions-and-ci-test\\src\\calculator.ts": {
        "path": "G:\\Programming\\WorldDevs\\github-actions-and-ci-test\\src\\calculator.ts",
        "statementMap": {
            "0": {
                "start": { "line": 1, "column": 23 },
                "end": { "line": 14, "column": null }
            },
            "1": {
                "start": { "line": 3, "column": 8 },
                "end": { "line": 3, "column": 21 }
            },
            "2": {
                "start": { "line": 6, "column": 8 },
                "end": { "line": 6, "column": 21 }
            },
            "3": {
                "start": { "line": 9, "column": 8 },
                "end": { "line": 9, "column": 21 }
            },
            "4": {
                "start": { "line": 12, "column": 8 },
                "end": { "line": 12, "column": 21 }
            },
            "5": {
                "start": { "line": 16, "column": 0 },
                "end": { "line": 16, "column": 30 }
            }
        },
        "fnMap": {
            "0": {
                "name": "(anonymous_0)",
                "decl": {
                    "start": { "line": 2, "column": 9 },
                    "end": { "line": 2, "column": 18 }
                },
                "loc": {
                    "start": { "line": 2, "column": 38 },
                    "end": { "line": 4, "column": 5 }
                }
            },
            "1": {
                "name": "(anonymous_1)",
                "decl": {
                    "start": { "line": 5, "column": 10 },
                    "end": { "line": 5, "column": 19 }
                },
                "loc": {
                    "start": { "line": 5, "column": 38 },
                    "end": { "line": 7, "column": 5 }
                }
            },
            "2": {
                "name": "(anonymous_2)",
                "decl": {
                    "start": { "line": 8, "column": 13 },
                    "end": { "line": 8, "column": 22 }
                },
                "loc": {
                    "start": { "line": 8, "column": 42 },
                    "end": { "line": 10, "column": 5 }
                }
            },
            "3": {
                "name": "(anonymous_3)",
                "decl": {
                    "start": { "line": 11, "column": 12 },
                    "end": { "line": 11, "column": 21 }
                },
                "loc": {
                    "start": { "line": 11, "column": 41 },
                    "end": { "line": 13, "column": 5 }
                }
            }
        },
        "branchMap": {},
        "s": { "0": 1, "1": 1, "2": 1, "3": 1, "4": 1, "5": 1 },
        "f": { "0": 1, "1": 1, "2": 1, "3": 1 },
        "b": {}
    }
}
